<?xml version="1.0" encoding="UTF-8"?>
<!-- Generated by org.testng.reporters.JUnitReportReporter -->
<testsuite hostname="DESKTOP-ICGBU50" failures="0" tests="6" name="TestingPackage.DataParameterizationDataProvider" time="63.451" errors="0" timestamp="2024-02-21T21:59:06 PST" skipped="0">
  <testcase classname="TestingPackage.DataParameterizationDataProvider" name="verifyLogin" time="13.151"/>
  <system-out/>
  <testcase classname="TestingPackage.DataParameterizationDataProvider" name="verifyLogin" time="8.684"/>
  <system-out/>
  <testcase classname="TestingPackage.DataParameterizationDataProvider" name="verifyLogin" time="13.281"/>
  <system-out/>
  <testcase classname="TestingPackage.DataParameterizationDataProvider" name="verifyLogin" time="8.640"/>
  <system-out/>
  <testcase classname="TestingPackage.DataParameterizationDataProvider" name="verifyLogin" time="9.546"/>
  <system-out/>
  <testcase classname="TestingPackage.DataParameterizationDataProvider" name="verifyLogin" time="10.149"/>
  <system-out/>
</testsuite> <!-- TestingPackage.DataParameterizationDataProvider -->
