<?xml version="1.0" encoding="UTF-8"?>
<!-- Generated by org.testng.reporters.JUnitReportReporter -->
<testsuite hostname="DESKTOP-ICGBU50" failures="0" tests="3" name="listeners.Register" time="0.020" errors="0" timestamp="2024-02-05T14:47:48 PST" skipped="0">
  <testcase classname="listeners.Register" name="registerByGivingAllFields" time="0.008"/>
  <system-out/>
  <testcase classname="listeners.Register" name="registerByGivingMandatoryFields" time="0.005"/>
  <system-out/>
  <testcase classname="listeners.Register" name="registerWithoutGivingAnyFields" time="0.007"/>
  <system-out/>
</testsuite> <!-- listeners.Register -->
