<?xml version="1.0" encoding="UTF-8"?>
<!-- Generated by org.testng.reporters.JUnitReportReporter -->
<testsuite hostname="DESKTOP-ICGBU50" failures="0" tests="1" name="TestingPackage.IdentifyBrokenLinks" time="58.173" errors="0" timestamp="2024-02-08T22:19:39 PST" skipped="0">
  <testcase classname="TestingPackage.IdentifyBrokenLinks" name="identifyBrokenLinksTest" time="58.173"/>
  <system-out/>
</testsuite> <!-- TestingPackage.IdentifyBrokenLinks -->
