<?xml version="1.0" encoding="UTF-8"?>
<!-- Generated by org.testng.reporters.JUnitReportReporter -->
<testsuite hostname="DESKTOP-ICGBU50" failures="0" tests="3" name="TestingPackage.WishList" time="10.776" errors="0" timestamp="2024-01-30T12:04:10 PST" skipped="0">
  <testcase classname="TestingPackage.WishList" name="removeProductFromWishList" time="0.701"/>
  <system-out/>
  <testcase classname="TestingPackage.WishList" name="addProductToWishListPage" time="2.001"/>
  <system-out/>
  <testcase classname="TestingPackage.WishList" name="verifyUserLogin" time="8.074"/>
  <system-out/>
</testsuite> <!-- TestingPackage.WishList -->
