<?xml version="1.0" encoding="UTF-8"?>
<!-- Generated by org.testng.reporters.JUnitReportReporter -->
<testsuite hostname="DESKTOP-ICGBU50" failures="0" tests="6" name="TestingPackage.DataParameterizationDataProvider" time="66.529" errors="0" timestamp="2024-02-05T14:46:17 PST" skipped="0">
  <testcase classname="TestingPackage.DataParameterizationDataProvider" name="verifyLogin" time="12.944"/>
  <system-out/>
  <testcase classname="TestingPackage.DataParameterizationDataProvider" name="verifyLogin" time="10.851"/>
  <system-out/>
  <testcase classname="TestingPackage.DataParameterizationDataProvider" name="verifyLogin" time="10.972"/>
  <system-out/>
  <testcase classname="TestingPackage.DataParameterizationDataProvider" name="verifyLogin" time="9.522"/>
  <system-out/>
  <testcase classname="TestingPackage.DataParameterizationDataProvider" name="verifyLogin" time="12.853"/>
  <system-out/>
  <testcase classname="TestingPackage.DataParameterizationDataProvider" name="verifyLogin" time="9.387"/>
  <system-out/>
</testsuite> <!-- TestingPackage.DataParameterizationDataProvider -->
