<?xml version="1.0" encoding="UTF-8"?>
<!-- Generated by org.testng.reporters.JUnitReportReporter -->
<testsuite hostname="DESKTOP-ICGBU50" failures="0" tests="1" name="DemoFile" time="0.050" errors="0" timestamp="2024-01-23T16:37:02 PST" skipped="0">
  <testcase classname="DemoFile" name="firstTest" time="0.050"/>
  <system-out/>
</testsuite> <!-- DemoFile -->
