<?xml version="1.0" encoding="UTF-8"?>
<!-- Generated by org.testng.reporters.JUnitReportReporter -->
<testsuite hostname="DESKTOP-ICGBU50" failures="0" tests="1" name="TestingPackage.NewTest" time="0.023" errors="0" timestamp="2024-01-24T10:28:09 PST" skipped="0">
  <testcase classname="TestingPackage.NewTest" name="test1" time="0.023"/>
  <system-out/>
</testsuite> <!-- TestingPackage.NewTest -->
