<?xml version="1.0" encoding="UTF-8"?>
<!-- Generated by org.testng.reporters.JUnitReportReporter -->
<testsuite hostname="DESKTOP-ICGBU50" failures="0" tests="3" name="listeners.Search" time="0.021" errors="0" timestamp="2024-02-05T14:47:48 PST" skipped="0">
  <testcase classname="listeners.Search" name="searchWithoutGivingSearchText" time="0.007"/>
  <system-out/>
  <testcase classname="listeners.Search" name="searchByclickingEnterButtion" time="0.008"/>
  <system-out/>
  <testcase classname="listeners.Search" name="searchByGivingSearchText" time="0.006"/>
  <system-out/>
</testsuite> <!-- listeners.Search -->
